<?xml version="1.0" encoding="UTF-8"?>
<!-- Generated by org.testng.reporters.JUnitXMLReporter -->
<testsuite hostname="DESKTOP-OJ618SO" ignored="0" name="Default test" tests="2" failures="0" timestamp="26 Feb 2021 04:49:13 GMT" time="39.953" errors="0">
  <testcase name="runScenario" time="30.993" classname="io.cucumber.testng.AbstractTestNGCucumberTests"/>
  <testcase name="runScenario" time="35.224" classname="io.cucumber.testng.AbstractTestNGCucumberTests"/>
</testsuite> <!-- Default test -->
