<?xml version="1.0" encoding="UTF-8"?>
<!-- Generated by org.testng.reporters.JUnitReportReporter -->
<testsuite skipped="0" hostname="DESKTOP-OJ618SO" name="Parallel.ParallelRun" tests="2" failures="0" timestamp="26 Feb 2021 06:09:04 GMT" time="66.401" errors="1">
  <testcase name="runScenario" time="35.627" classname="Parallel.ParallelRun"/>
  <testcase name="runScenario" time="30.774" classname="Parallel.ParallelRun">
    <error type="java.lang.NullPointerException">
      <![CDATA[java.lang.NullPointerException
at Parallel.CompanyTest.user_delete_the_company_from_subsource(CompanyTest.java:86)
at ✽.user delete the company from subsource(file:///D:/SubSourceV2/SubSource/CodeBase/./src/test/resources/Parallel/Company.feature:7)
]]>
    </error>
  </testcase> <!-- runScenario -->
</testsuite> <!-- Parallel.ParallelRun -->
